<?xml version="1.0" encoding="utf-8"?><testsuites name="pytest tests"><testsuite name="pytest" errors="0" failures="0" skipped="0" tests="25" time="25.114" timestamp="2026-07-01T10:04:07.954180+00:00" hostname="agent-env-271e683d-08e3-413f-9855-c79cf79b98bd"><testcase classname="tests.test_v03_phase3_e2e.TestGameScore" name="test_sub_100_no_overflow" time="5.295" /><testcase classname="tests.test_v03_phase3_e2e.TestGameScore" name="test_overflow_banked_when_constraint_pushes_over_100" time="6.194" /><testcase classname="tests.test_v03_phase3_e2e.TestGameScore" name="test_simplicity_state_right_sized" time="4.667" /><testcase classname="tests.test_v03_phase3_e2e.TestGameScore" name="test_simplicity_state_overengineered" time="5.890" /><testcase classname="tests.test_v03_phase3_e2e.TestMatch" name="test_session_strips_answer_keys" time="0.141" /><testcase classname="tests.test_v03_phase3_e2e.TestMatch" name="test_grade_perfect" time="0.098" /><testcase classname="tests.test_v03_phase3_e2e.TestMatch" name="test_grade_misplaced_wrong_missing" time="0.192" /><testcase classname="tests.test_v03_phase3_e2e.TestMatch" name="test_grade_unknown_exercise_400" time="0.092" /><testcase classname="tests.test_v03_phase3_e2e.TestLeaderboardPerMode" name="test_per_mode_creates_separate_rows" time="0.211" /><testcase classname="tests.test_v03_phase3_e2e.TestLeaderboardPerMode" name="test_lower_kept_higher_updated_same_mode" time="0.327" /><testcase classname="tests.test_v03_phase3_e2e.TestLeaderboardPerMode" name="test_conflict_different_owner_token" time="0.194" /><testcase classname="tests.test_v03_phase3_e2e.TestLeaderboardPerMode" name="test_guest_mode_always_fresh_row" time="0.205" /><testcase classname="tests.test_v03_phase3_e2e.TestLeaderboardPerMode" name="test_owner_delete_single_mode_only" time="0.434" /><testcase classname="tests.test_v03_phase3_e2e.TestLeaderboardPerMode" name="test_admin_delete" time="1.093" /><testcase classname="tests.test_v03_phase3_scoring" name="test_simplicity_right_sized_is_full_credit" time="0.000" /><testcase classname="tests.test_v03_phase3_scoring" name="test_simplicity_overengineered_reports_lost_points" time="0.000" /><testcase classname="tests.test_v03_phase3_scoring" name="test_static_blog_audit_explains_sub_100_score" time="0.000" /><testcase classname="tests.test_v03_phase3_scoring" name="test_explanation_overflow_caps_round_and_banks_bonus" time="0.000" /><testcase classname="tests.test_v03_phase3_scoring" name="test_no_overflow_when_under_100" time="0.000" /><testcase classname="tests.test_v03_match" name="test_session_strips_answer_keys" time="0.000" /><testcase classname="tests.test_v03_match" name="test_perfect_pipeline_scores_100" time="0.000" /><testcase classname="tests.test_v03_match" name="test_misplaced_right_service_wrong_slot" time="0.000" /><testcase classname="tests.test_v03_match" name="test_distractor_is_wrong_and_empty_is_missing" time="0.000" /><testcase classname="tests.test_v03_match" name="test_unknown_exercise_raises" time="0.000" /><testcase classname="tests.test_v03_match" name="test_all_exercises_gradeable_with_keys" time="0.000" /></testsuite></testsuites>