<?xml version="1.0" encoding="utf-8"?><testsuites name="pytest tests"><testsuite name="pytest" errors="0" failures="0" skipped="0" tests="20" time="4.121" timestamp="2026-07-04T00:45:34.205945+00:00" hostname="agent-env-271e683d-08e3-413f-9855-c79cf79b98bd"><testcase classname="backend.tests.test_v040_phase5a" name="test_learn_tracks_includes_dea" time="0.216" /><testcase classname="backend.tests.test_v040_phase5a" name="test_learn_cards_total_is_73" time="0.144" /><testcase classname="backend.tests.test_v040_phase5a" name="test_learn_cards_per_track_counts" time="0.130" /><testcase classname="backend.tests.test_v040_phase5a" name="test_learn_cards_no_mongo_id" time="0.114" /><testcase classname="backend.tests.test_v040_phase5a" name="test_test_session_dea_returns_dea_questions_no_answer_keys" time="0.125" /><testcase classname="backend.tests.test_v040_phase5a" name="test_test_session_aif_15_questions_not_beta" time="0.098" /><testcase classname="backend.tests.test_v040_phase5a" name="test_test_session_mla_15_questions_not_beta" time="0.099" /><testcase classname="backend.tests.test_v040_phase5a" name="test_test_session_dea_pool_size_13" time="0.000" /><testcase classname="backend.tests.test_v040_phase5a" name="test_test_grading_dea_all_correct_100" time="0.244" /><testcase classname="backend.tests.test_v040_phase5a" name="test_test_grading_aif_all_correct_100" time="0.210" /><testcase classname="backend.tests.test_v040_phase5a" name="test_test_grading_mla_all_correct_100" time="0.233" /><testcase classname="backend.tests.test_v040_phase5a" name="test_match_session_dea_no_answer_keys" time="0.104" /><testcase classname="backend.tests.test_v040_phase5a" name="test_match_session_aif_present" time="0.096" /><testcase classname="backend.tests.test_v040_phase5a" name="test_match_session_mla_present" time="0.098" /><testcase classname="backend.tests.test_v040_phase5a" name="test_match_all_dea_aif_mla_exercises_grade_100_and_slots_resolve" time="1.481" /><testcase classname="backend.tests.test_v040_phase5a" name="test_match_exercise_counts_per_track" time="0.000" /><testcase classname="backend.tests.test_v040_phase5a" name="test_regression_clf_saa_test_mode_still_works" time="0.310" /><testcase classname="backend.tests.test_v040_phase5a" name="test_regression_clf_saa_match_mode_still_works" time="0.101" /><testcase classname="backend.tests.test_v040_phase5a" name="test_mixed_test_session_has_pooled_questions" time="0.101" /><testcase classname="backend.tests.test_v040_phase5a" name="test_mixed_match_session_has_pooled_exercises" time="0.137" /></testsuite></testsuites>