<?xml version="1.0" encoding="utf-8"?><testsuites name="pytest tests"><testsuite name="pytest" errors="0" failures="0" skipped="0" tests="32" time="42.625" timestamp="2026-06-28T01:41:33.812824+00:00" hostname="agent-env-271e683d-08e3-413f-9855-c79cf79b98bd"><testcase classname="backend.tests.test_v03_learn" name="test_learn_tracks_returns_three_tracks" time="0.216" /><testcase classname="backend.tests.test_v03_learn" name="test_learn_cards_returns_34_cards_and_tracks" time="0.135" /><testcase classname="backend.tests.test_v03_learn" name="test_learn_cards_have_required_study_fields" time="0.151" /><testcase classname="backend.tests.test_v03_learn" name="test_learn_cards_ai_tracks_for_bedrock_sagemaker" time="0.107" /><testcase classname="backend.tests.test_v03_learn" name="test_learn_cards_most_are_clf_saa_only" time="0.126" /><testcase classname="backend.tests.test_v03_learn" name="test_learn_cards_lambda_pairings_are_dicts_with_real_titles" time="0.147" /><testcase classname="backend.tests.test_v03_learn" name="test_services_still_34_for_game" time="0.104" /><testcase classname="backend.tests.test_v03_learn" name="test_score_static_blog_ideal_still_around_90" time="2.866" /><testcase classname="backend.tests.backend_test" name="test_root" time="0.107" /><testcase classname="backend.tests.backend_test" name="test_services_includes_glue_catalog" time="0.104" /><testcase classname="backend.tests.backend_test" name="test_scenarios_have_new_split_fields" time="0.106" /><testcase classname="backend.tests.backend_test" name="test_constraints" time="0.112" /><testcase classname="backend.tests.backend_test" name="test_session_returns_unique_scenarios" time="0.108" /><testcase classname="backend.tests.backend_test" name="test_deal_includes_full_ideal_combo_in_hand" time="0.208" /><testcase classname="backend.tests.backend_test" name="test_score_schema_six_subscores_in_order_and_new_fields" time="5.464" /><testcase classname="backend.tests.backend_test" name="test_tc1_static_blog_full_ideal" time="6.383" /><testcase classname="backend.tests.backend_test" name="test_tc2_static_blog_partial_via_engine" time="4.868" /><testcase classname="backend.tests.backend_test" name="test_tc3_internal_dashboard_full_ideal" time="5.552" /><testcase classname="backend.tests.backend_test" name="test_tc4_internal_dashboard_mostly_distractor" time="5.704" /><testcase classname="backend.tests.backend_test" name="test_tc5_photo_sharing_strong" time="6.833" /><testcase classname="backend.tests.backend_test" name="test_validation_min_services" time="0.120" /><testcase classname="backend.tests.backend_test" name="test_validation_max_services" time="0.112" /><testcase classname="backend.tests.backend_test" name="test_validation_invalid_scenario" time="0.109" /><testcase classname="backend.tests.backend_test" name="test_leaderboard_create_and_sorted_list" time="0.196" /><testcase classname="backend.tests.test_v0261_leaderboard" name="test_official_created_updated_kept" time="0.431" /><testcase classname="backend.tests.test_v0261_leaderboard" name="test_official_conflict_returns_suggestions" time="0.308" /><testcase classname="backend.tests.test_v0261_leaderboard" name="test_guest_creates_separate_entry_and_keeps_official" time="0.286" /><testcase classname="backend.tests.test_v0261_leaderboard" name="test_owner_delete_403_and_200" time="0.394" /><testcase classname="backend.tests.test_v0261_leaderboard" name="test_legacy_no_owner_deletable" time="0.196" /><testcase classname="backend.tests.test_v0261_leaderboard" name="test_admin_delete_header_gating" time="0.382" /><testcase classname="backend.tests.test_v0261_leaderboard" name="test_no_public_delete_all" time="0.091" /><testcase classname="backend.tests.test_v0261_leaderboard" name="test_get_leaderboard_no_objectid_leak" time="0.497" /></testsuite></testsuites>