<?xml version="1.0" encoding="utf-8"?><testsuites name="pytest tests"><testsuite name="pytest" errors="0" failures="0" skipped="0" tests="68" time="82.265" timestamp="2026-07-03T22:59:17.944838+00:00" hostname="agent-env-271e683d-08e3-413f-9855-c79cf79b98bd"><testcase classname="backend.tests.backend_test" name="test_root" time="0.237" /><testcase classname="backend.tests.backend_test" name="test_services_includes_glue_catalog" time="0.128" /><testcase classname="backend.tests.backend_test" name="test_scenarios_have_new_split_fields" time="0.151" /><testcase classname="backend.tests.backend_test" name="test_constraints" time="0.139" /><testcase classname="backend.tests.backend_test" name="test_session_returns_unique_scenarios" time="0.145" /><testcase classname="backend.tests.backend_test" name="test_deal_includes_full_ideal_combo_in_hand" time="0.266" /><testcase classname="backend.tests.backend_test" name="test_score_schema_six_subscores_in_order_and_new_fields" time="8.472" /><testcase classname="backend.tests.backend_test" name="test_tc1_static_blog_full_ideal" time="5.600" /><testcase classname="backend.tests.backend_test" name="test_tc2_static_blog_partial_via_engine" time="5.157" /><testcase classname="backend.tests.backend_test" name="test_tc3_internal_dashboard_full_ideal" time="5.734" /><testcase classname="backend.tests.backend_test" name="test_tc4_internal_dashboard_mostly_distractor" time="5.459" /><testcase classname="backend.tests.backend_test" name="test_tc5_photo_sharing_strong" time="6.388" /><testcase classname="backend.tests.backend_test" name="test_validation_min_services" time="0.130" /><testcase classname="backend.tests.backend_test" name="test_validation_max_services" time="0.101" /><testcase classname="backend.tests.backend_test" name="test_validation_invalid_scenario" time="0.134" /><testcase classname="backend.tests.backend_test" name="test_leaderboard_create_and_sorted_list" time="0.204" /><testcase classname="backend.tests.test_v026" name="test_create_returns_id_field" time="0.217" /><testcase classname="backend.tests.test_v026" name="test_list_includes_id_field" time="0.298" /><testcase classname="backend.tests.test_v026" name="test_delete_only_removes_that_entry" time="0.511" /><testcase classname="backend.tests.test_v026" name="test_delete_wrong_owner_forbidden" time="0.332" /><testcase classname="backend.tests.test_v026" name="test_delete_nonexistent_returns_404" time="0.100" /><testcase classname="backend.tests.test_v026" name="test_no_delete_all_endpoint" time="0.815" /><testcase classname="backend.tests.test_v026" name="test_scoring_unchanged_static_blog_ideal" time="5.204" /><testcase classname="backend.tests.test_v0261_leaderboard" name="test_official_created_updated_kept" time="0.447" /><testcase classname="backend.tests.test_v0261_leaderboard" name="test_official_conflict_returns_suggestions" time="0.319" /><testcase classname="backend.tests.test_v0261_leaderboard" name="test_guest_creates_separate_entry_and_keeps_official" time="0.312" /><testcase classname="backend.tests.test_v0261_leaderboard" name="test_owner_delete_403_and_200" time="0.462" /><testcase classname="backend.tests.test_v0261_leaderboard" name="test_legacy_no_owner_deletable" time="0.227" /><testcase classname="backend.tests.test_v0261_leaderboard" name="test_admin_delete_header_gating" time="0.419" /><testcase classname="backend.tests.test_v0261_leaderboard" name="test_no_public_delete_all" time="0.106" /><testcase classname="backend.tests.test_v0261_leaderboard" name="test_get_leaderboard_no_objectid_leak" time="0.518" /><testcase classname="backend.tests.test_v03_learn" name="test_learn_tracks_returns_three_tracks" time="0.120" /><testcase classname="backend.tests.test_v03_learn" name="test_learn_cards_returns_34_cards_and_tracks" time="0.100" /><testcase classname="backend.tests.test_v03_learn" name="test_learn_cards_have_required_study_fields" time="0.112" /><testcase classname="backend.tests.test_v03_learn" name="test_learn_cards_ai_tracks_for_bedrock_sagemaker" time="0.117" /><testcase classname="backend.tests.test_v03_learn" name="test_learn_cards_most_are_clf_saa_only" time="0.121" /><testcase classname="backend.tests.test_v03_learn" name="test_learn_cards_lambda_pairings_are_dicts_with_real_titles" time="0.117" /><testcase classname="backend.tests.test_v03_learn" name="test_services_still_34_for_game" time="0.095" /><testcase classname="backend.tests.test_v03_learn" name="test_score_static_blog_ideal_still_around_90" time="5.060" /><testcase classname="backend.tests.test_v03_match" name="test_session_strips_answer_keys" time="0.000" /><testcase classname="backend.tests.test_v03_match" name="test_perfect_pipeline_scores_100" time="0.000" /><testcase classname="backend.tests.test_v03_match" name="test_misplaced_right_service_wrong_slot" time="0.000" /><testcase classname="backend.tests.test_v03_match" name="test_distractor_is_wrong_and_empty_is_missing" time="0.000" /><testcase classname="backend.tests.test_v03_match" name="test_unknown_exercise_raises" time="0.000" /><testcase classname="backend.tests.test_v03_match" name="test_all_exercises_gradeable_with_keys" time="0.000" /><testcase classname="backend.tests.test_v03_phase3_e2e.TestGameScore" name="test_sub_100_no_overflow" time="7.438" /><testcase classname="backend.tests.test_v03_phase3_e2e.TestGameScore" name="test_overflow_banked_when_constraint_pushes_over_100" time="5.757" /><testcase classname="backend.tests.test_v03_phase3_e2e.TestGameScore" name="test_simplicity_state_right_sized" time="5.329" /><testcase classname="backend.tests.test_v03_phase3_e2e.TestGameScore" name="test_simplicity_state_overengineered" time="5.556" /><testcase classname="backend.tests.test_v03_phase3_e2e.TestMatch" name="test_session_strips_answer_keys" time="0.151" /><testcase classname="backend.tests.test_v03_phase3_e2e.TestMatch" name="test_grade_perfect" time="0.109" /><testcase classname="backend.tests.test_v03_phase3_e2e.TestMatch" name="test_grade_misplaced_wrong_missing" time="0.204" /><testcase classname="backend.tests.test_v03_phase3_e2e.TestMatch" name="test_grade_unknown_exercise_400" time="0.092" /><testcase classname="backend.tests.test_v03_phase3_e2e.TestLeaderboardPerMode" name="test_per_mode_creates_separate_rows" time="0.206" /><testcase classname="backend.tests.test_v03_phase3_e2e.TestLeaderboardPerMode" name="test_lower_kept_higher_updated_same_mode" time="0.321" /><testcase classname="backend.tests.test_v03_phase3_e2e.TestLeaderboardPerMode" name="test_conflict_different_owner_token" time="0.201" /><testcase classname="backend.tests.test_v03_phase3_e2e.TestLeaderboardPerMode" name="test_guest_mode_always_fresh_row" time="0.225" /><testcase classname="backend.tests.test_v03_phase3_e2e.TestLeaderboardPerMode" name="test_owner_delete_single_mode_only" time="0.456" /><testcase classname="backend.tests.test_v03_phase3_e2e.TestLeaderboardPerMode" name="test_admin_delete" time="1.119" /><testcase classname="backend.tests.test_v03_phase3_scoring" name="test_simplicity_right_sized_is_full_credit" time="0.000" /><testcase classname="backend.tests.test_v03_phase3_scoring" name="test_simplicity_overengineered_reports_lost_points" time="0.000" /><testcase classname="backend.tests.test_v03_phase3_scoring" name="test_static_blog_audit_explains_sub_100_score" time="0.000" /><testcase classname="backend.tests.test_v03_phase3_scoring" name="test_explanation_overflow_caps_round_and_banks_bonus" time="0.000" /><testcase classname="backend.tests.test_v03_phase3_scoring" name="test_no_overflow_when_under_100" time="0.000" /><testcase classname="backend.tests.test_v03_test_mode" name="test_session_clf_has_15_and_no_answer_keys" time="0.097" /><testcase classname="backend.tests.test_v03_test_mode" name="test_session_aif_is_beta" time="0.107" /><testcase classname="backend.tests.test_v03_test_mode" name="test_grade_mixed_correct_and_incorrect" time="0.116" /><testcase classname="backend.tests.test_v03_test_mode" name="test_grade_rejects_empty" time="0.093" /></testsuite></testsuites>