<?xml version="1.0" encoding="utf-8"?><testsuites name="pytest tests"><testsuite name="pytest" errors="0" failures="0" skipped="0" tests="14" time="31.458" timestamp="2026-06-30T21:11:38.435972+00:00" hostname="agent-env-271e683d-08e3-413f-9855-c79cf79b98bd"><testcase classname="tests.test_v03_phase3_e2e.TestGameScore" name="test_sub_100_no_overflow" time="7.643" /><testcase classname="tests.test_v03_phase3_e2e.TestGameScore" name="test_overflow_banked_when_constraint_pushes_over_100" time="6.938" /><testcase classname="tests.test_v03_phase3_e2e.TestGameScore" name="test_simplicity_state_right_sized" time="6.979" /><testcase classname="tests.test_v03_phase3_e2e.TestGameScore" name="test_simplicity_state_overengineered" time="6.304" /><testcase classname="tests.test_v03_phase3_e2e.TestMatch" name="test_session_strips_answer_keys" time="0.139" /><testcase classname="tests.test_v03_phase3_e2e.TestMatch" name="test_grade_perfect" time="0.114" /><testcase classname="tests.test_v03_phase3_e2e.TestMatch" name="test_grade_misplaced_wrong_missing" time="0.281" /><testcase classname="tests.test_v03_phase3_e2e.TestMatch" name="test_grade_unknown_exercise_400" time="0.101" /><testcase classname="tests.test_v03_phase3_e2e.TestLeaderboardPerMode" name="test_per_mode_creates_separate_rows" time="0.228" /><testcase classname="tests.test_v03_phase3_e2e.TestLeaderboardPerMode" name="test_lower_kept_higher_updated_same_mode" time="0.378" /><testcase classname="tests.test_v03_phase3_e2e.TestLeaderboardPerMode" name="test_conflict_different_owner_token" time="0.232" /><testcase classname="tests.test_v03_phase3_e2e.TestLeaderboardPerMode" name="test_guest_mode_always_fresh_row" time="0.209" /><testcase classname="tests.test_v03_phase3_e2e.TestLeaderboardPerMode" name="test_owner_delete_single_mode_only" time="0.533" /><testcase classname="tests.test_v03_phase3_e2e.TestLeaderboardPerMode" name="test_admin_delete" time="1.285" /></testsuite></testsuites>