<?xml version="1.0" encoding="utf-8"?><testsuites name="pytest tests"><testsuite name="pytest" errors="0" failures="0" skipped="0" tests="6" time="14.082" timestamp="2026-06-26T18:23:01.597203+00:00" hostname="agent-env-271e683d-08e3-413f-9855-c79cf79b98bd"><testcase classname="backend.tests.test_v026" name="test_create_returns_id_field" time="0.319" /><testcase classname="backend.tests.test_v026" name="test_list_includes_id_field" time="0.336" /><testcase classname="backend.tests.test_v026" name="test_delete_only_removes_that_entry" time="0.646" /><testcase classname="backend.tests.test_v026" name="test_delete_nonexistent_returns_404" time="0.160" /><testcase classname="backend.tests.test_v026" name="test_no_delete_all_endpoint" time="0.891" /><testcase classname="backend.tests.test_v026" name="test_scoring_unchanged_static_blog_ideal" time="11.450" /></testsuite></testsuites>