<?xml version="1.0" encoding="utf-8"?><testsuites name="pytest tests"><testsuite name="pytest" errors="0" failures="3" skipped="0" tests="88" time="125.935" timestamp="2026-07-04T00:45:47.367213+00:00" hostname="agent-env-271e683d-08e3-413f-9855-c79cf79b98bd"><testcase classname="backend.tests.backend_test" name="test_root" time="0.145" /><testcase classname="backend.tests.backend_test" name="test_services_includes_glue_catalog" time="0.109" /><testcase classname="backend.tests.backend_test" name="test_scenarios_have_new_split_fields" time="0.148" /><testcase classname="backend.tests.backend_test" name="test_constraints" time="0.115" /><testcase classname="backend.tests.backend_test" name="test_session_returns_unique_scenarios" time="0.114" /><testcase classname="backend.tests.backend_test" name="test_deal_includes_full_ideal_combo_in_hand" time="0.197" /><testcase classname="backend.tests.backend_test" name="test_score_schema_six_subscores_in_order_and_new_fields" time="9.466" /><testcase classname="backend.tests.backend_test" name="test_tc1_static_blog_full_ideal" time="5.611" /><testcase classname="backend.tests.backend_test" name="test_tc2_static_blog_partial_via_engine" time="4.724" /><testcase classname="backend.tests.backend_test" name="test_tc3_internal_dashboard_full_ideal" time="5.803" /><testcase classname="backend.tests.backend_test" name="test_tc4_internal_dashboard_mostly_distractor" time="5.594" /><testcase classname="backend.tests.backend_test" name="test_tc5_photo_sharing_strong" time="5.967" /><testcase classname="backend.tests.backend_test" name="test_validation_min_services" time="0.125" /><testcase classname="backend.tests.backend_test" name="test_validation_max_services" time="0.099" /><testcase classname="backend.tests.backend_test" name="test_validation_invalid_scenario" time="0.101" /><testcase classname="backend.tests.backend_test" name="test_leaderboard_create_and_sorted_list" time="0.211" /><testcase classname="backend.tests.test_v026" name="test_create_returns_id_field" time="0.202" /><testcase classname="backend.tests.test_v026" name="test_list_includes_id_field" time="0.314" /><testcase classname="backend.tests.test_v026" name="test_delete_only_removes_that_entry" time="0.515" /><testcase classname="backend.tests.test_v026" name="test_delete_wrong_owner_forbidden" time="0.328" /><testcase classname="backend.tests.test_v026" name="test_delete_nonexistent_returns_404" time="0.099" /><testcase classname="backend.tests.test_v026" name="test_no_delete_all_endpoint" time="0.854" /><testcase classname="backend.tests.test_v026" name="test_scoring_unchanged_static_blog_ideal" time="4.996" /><testcase classname="backend.tests.test_v0261_leaderboard" name="test_official_created_updated_kept" time="0.445" /><testcase classname="backend.tests.test_v0261_leaderboard" name="test_official_conflict_returns_suggestions" time="0.303" /><testcase classname="backend.tests.test_v0261_leaderboard" name="test_guest_creates_separate_entry_and_keeps_official" time="0.308" /><testcase classname="backend.tests.test_v0261_leaderboard" name="test_owner_delete_403_and_200" time="0.400" /><testcase classname="backend.tests.test_v0261_leaderboard" name="test_legacy_no_owner_deletable" time="0.212" /><testcase classname="backend.tests.test_v0261_leaderboard" name="test_admin_delete_header_gating" time="0.413" /><testcase classname="backend.tests.test_v0261_leaderboard" name="test_no_public_delete_all" time="0.103" /><testcase classname="backend.tests.test_v0261_leaderboard" name="test_get_leaderboard_no_objectid_leak" time="0.513" /><testcase classname="backend.tests.test_v03_learn" name="test_learn_tracks_returns_three_tracks" time="0.107"><failure message="AssertionError: assert {'AIF', 'CLF_... 'DEA', 'MLA'} == {'AIF', 'CLF_SAA', 'MLA'}&#10;  &#10;  Extra items in the left set:&#10;  'DEA'&#10;  &#10;  Full diff:&#10;    {&#10;        'AIF',...&#10;  &#10;  ...Full output truncated (4 lines hidden), use '-vv' to show">E   AssertionError: assert {'AIF', 'CLF_... 'DEA', 'MLA'} == {'AIF', 'CLF_SAA', 'MLA'}
      
      Extra items in the left set:
      'DEA'
      
      Full diff:
        {
            'AIF',...
      
      ...Full output truncated (4 lines hidden), use '-vv' to show</failure></testcase><testcase classname="backend.tests.test_v03_learn" name="test_learn_cards_returns_34_cards_and_tracks" time="0.100"><failure message="AssertionError: Expected 34 cards, got 73&#10;assert 73 == 34&#10; +  where 73 = len([{'id': 'lambda', 'title': 'Lambda', 'category': 'Compute', 'description': 'Run code without provisioning servers. Pay per ms of execution.', ...}, {'id': 'ec2', 'title': 'EC2', 'category': 'Compute', 'description': 'Virtual machines in the cloud. Full OS control.', ...}, {'id': 'ecs_fargate', 'title': 'ECS on Fargate', 'category': 'Compute', 'description': 'Run containers without managing servers.', ...}, {'id': 'ecs_ec2', 'title': 'ECS on EC2', 'category': 'Compute', 'description': 'Container orchestration on managed EC2 nodes.', ...}, {'id': 'app_runner', 'title': 'App Runner', 'category': 'Compute', 'description': 'Deploy web apps from source or container with zero infra.', ...}, {'id': 'beanstalk', 'title': 'Elastic Beanstalk', 'category': 'Compute', 'description': 'PaaS that provisions EC2, ELB and Auto Scaling for you.', ...}, ...])">E   AssertionError: Expected 34 cards, got 73
    assert 73 == 34
     +  where 73 = len([{'id': 'lambda', 'title': 'Lambda', 'category': 'Compute', 'description': 'Run code without provisioning servers. Pay per ms of execution.', ...}, {'id': 'ec2', 'title': 'EC2', 'category': 'Compute', 'description': 'Virtual machines in the cloud. Full OS control.', ...}, {'id': 'ecs_fargate', 'title': 'ECS on Fargate', 'category': 'Compute', 'description': 'Run containers without managing servers.', ...}, {'id': 'ecs_ec2', 'title': 'ECS on EC2', 'category': 'Compute', 'description': 'Container orchestration on managed EC2 nodes.', ...}, {'id': 'app_runner', 'title': 'App Runner', 'category': 'Compute', 'description': 'Deploy web apps from source or container with zero infra.', ...}, {'id': 'beanstalk', 'title': 'Elastic Beanstalk', 'category': 'Compute', 'description': 'PaaS that provisions EC2, ELB and Auto Scaling for you.', ...}, ...])</failure></testcase><testcase classname="backend.tests.test_v03_learn" name="test_learn_cards_have_required_study_fields" time="0.103" /><testcase classname="backend.tests.test_v03_learn" name="test_learn_cards_ai_tracks_for_bedrock_sagemaker" time="0.154" /><testcase classname="backend.tests.test_v03_learn" name="test_learn_cards_most_are_clf_saa_only" time="0.164" /><testcase classname="backend.tests.test_v03_learn" name="test_learn_cards_lambda_pairings_are_dicts_with_real_titles" time="0.105" /><testcase classname="backend.tests.test_v03_learn" name="test_services_still_34_for_game" time="0.096" /><testcase classname="backend.tests.test_v03_learn" name="test_score_static_blog_ideal_still_around_90" time="5.249" /><testcase classname="backend.tests.test_v03_match" name="test_session_strips_answer_keys" time="0.000" /><testcase classname="backend.tests.test_v03_match" name="test_perfect_pipeline_scores_100" time="0.000" /><testcase classname="backend.tests.test_v03_match" name="test_misplaced_right_service_wrong_slot" time="0.000" /><testcase classname="backend.tests.test_v03_match" name="test_distractor_is_wrong_and_empty_is_missing" time="0.000" /><testcase classname="backend.tests.test_v03_match" name="test_unknown_exercise_raises" time="0.000" /><testcase classname="backend.tests.test_v03_match" name="test_all_exercises_gradeable_with_keys" time="0.000" /><testcase classname="backend.tests.test_v03_phase3_e2e.TestGameScore" name="test_sub_100_no_overflow" time="5.016" /><testcase classname="backend.tests.test_v03_phase3_e2e.TestGameScore" name="test_overflow_banked_when_constraint_pushes_over_100" time="35.055" /><testcase classname="backend.tests.test_v03_phase3_e2e.TestGameScore" name="test_simplicity_state_right_sized" time="7.237" /><testcase classname="backend.tests.test_v03_phase3_e2e.TestGameScore" name="test_simplicity_state_overengineered" time="16.584" /><testcase classname="backend.tests.test_v03_phase3_e2e.TestMatch" name="test_session_strips_answer_keys" time="0.151" /><testcase classname="backend.tests.test_v03_phase3_e2e.TestMatch" name="test_grade_perfect" time="0.098" /><testcase classname="backend.tests.test_v03_phase3_e2e.TestMatch" name="test_grade_misplaced_wrong_missing" time="0.231" /><testcase classname="backend.tests.test_v03_phase3_e2e.TestMatch" name="test_grade_unknown_exercise_400" time="0.116" /><testcase classname="backend.tests.test_v03_phase3_e2e.TestLeaderboardPerMode" name="test_per_mode_creates_separate_rows" time="0.201" /><testcase classname="backend.tests.test_v03_phase3_e2e.TestLeaderboardPerMode" name="test_lower_kept_higher_updated_same_mode" time="0.322" /><testcase classname="backend.tests.test_v03_phase3_e2e.TestLeaderboardPerMode" name="test_conflict_different_owner_token" time="0.240" /><testcase classname="backend.tests.test_v03_phase3_e2e.TestLeaderboardPerMode" name="test_guest_mode_always_fresh_row" time="0.214" /><testcase classname="backend.tests.test_v03_phase3_e2e.TestLeaderboardPerMode" name="test_owner_delete_single_mode_only" time="0.405" /><testcase classname="backend.tests.test_v03_phase3_e2e.TestLeaderboardPerMode" name="test_admin_delete" time="1.133" /><testcase classname="backend.tests.test_v03_phase3_scoring" name="test_simplicity_right_sized_is_full_credit" time="0.000" /><testcase classname="backend.tests.test_v03_phase3_scoring" name="test_simplicity_overengineered_reports_lost_points" time="0.000" /><testcase classname="backend.tests.test_v03_phase3_scoring" name="test_static_blog_audit_explains_sub_100_score" time="0.000" /><testcase classname="backend.tests.test_v03_phase3_scoring" name="test_explanation_overflow_caps_round_and_banks_bonus" time="0.000" /><testcase classname="backend.tests.test_v03_phase3_scoring" name="test_no_overflow_when_under_100" time="0.000" /><testcase classname="backend.tests.test_v03_test_mode" name="test_session_clf_has_15_and_no_answer_keys" time="0.104" /><testcase classname="backend.tests.test_v03_test_mode" name="test_session_aif_is_beta" time="0.108"><failure message="assert 15 == 5">E   assert 15 == 5</failure></testcase><testcase classname="backend.tests.test_v03_test_mode" name="test_grade_mixed_correct_and_incorrect" time="0.106" /><testcase classname="backend.tests.test_v03_test_mode" name="test_grade_rejects_empty" time="0.098" /><testcase classname="backend.tests.test_v040_phase5a" name="test_learn_tracks_includes_dea" time="0.100" /><testcase classname="backend.tests.test_v040_phase5a" name="test_learn_cards_total_is_73" time="0.108" /><testcase classname="backend.tests.test_v040_phase5a" name="test_learn_cards_per_track_counts" time="0.118" /><testcase classname="backend.tests.test_v040_phase5a" name="test_learn_cards_no_mongo_id" time="0.106" /><testcase classname="backend.tests.test_v040_phase5a" name="test_test_session_dea_returns_dea_questions_no_answer_keys" time="0.101" /><testcase classname="backend.tests.test_v040_phase5a" name="test_test_session_aif_15_questions_not_beta" time="0.100" /><testcase classname="backend.tests.test_v040_phase5a" name="test_test_session_mla_15_questions_not_beta" time="0.097" /><testcase classname="backend.tests.test_v040_phase5a" name="test_test_session_dea_pool_size_13" time="0.000" /><testcase classname="backend.tests.test_v040_phase5a" name="test_test_grading_dea_all_correct_100" time="0.199" /><testcase classname="backend.tests.test_v040_phase5a" name="test_test_grading_aif_all_correct_100" time="0.218" /><testcase classname="backend.tests.test_v040_phase5a" name="test_test_grading_mla_all_correct_100" time="0.190" /><testcase classname="backend.tests.test_v040_phase5a" name="test_match_session_dea_no_answer_keys" time="0.110" /><testcase classname="backend.tests.test_v040_phase5a" name="test_match_session_aif_present" time="0.109" /><testcase classname="backend.tests.test_v040_phase5a" name="test_match_session_mla_present" time="0.118" /><testcase classname="backend.tests.test_v040_phase5a" name="test_match_all_dea_aif_mla_exercises_grade_100_and_slots_resolve" time="1.478" /><testcase classname="backend.tests.test_v040_phase5a" name="test_match_exercise_counts_per_track" time="0.000" /><testcase classname="backend.tests.test_v040_phase5a" name="test_regression_clf_saa_test_mode_still_works" time="0.311" /><testcase classname="backend.tests.test_v040_phase5a" name="test_regression_clf_saa_match_mode_still_works" time="0.103" /><testcase classname="backend.tests.test_v040_phase5a" name="test_mixed_test_session_has_pooled_questions" time="0.099" /><testcase classname="backend.tests.test_v040_phase5a" name="test_mixed_match_session_has_pooled_exercises" time="0.107" /></testsuite></testsuites>