<?xml version="1.0" encoding="utf-8"?><testsuites name="pytest tests"><testsuite name="pytest" errors="0" failures="0" skipped="0" tests="14" time="38.053" timestamp="2026-06-20T19:34:22.789235+00:00" hostname="agent-env-276dd39f-e479-4542-9b43-cd1c7f027081"><testcase classname="backend.tests.backend_test" name="test_root" time="0.265" /><testcase classname="backend.tests.backend_test" name="test_services_count_and_ai_category" time="0.103" /><testcase classname="backend.tests.backend_test" name="test_scenarios" time="0.133" /><testcase classname="backend.tests.backend_test" name="test_constraints" time="0.143" /><testcase classname="backend.tests.backend_test" name="test_deal_random" time="0.136" /><testcase classname="backend.tests.backend_test" name="test_deal_specific_scenario" time="0.170" /><testcase classname="backend.tests.backend_test" name="test_score_valid_and_new_label_and_ideal_combos" time="7.483" /><testcase classname="backend.tests.backend_test" name="test_score_rating_well_architected_thresholds" time="5.993" /><testcase classname="backend.tests.backend_test" name="test_score_broken_architecture_low_score" time="6.593" /><testcase classname="backend.tests.backend_test" name="test_score_overengineering_penalty_label_and_bar" time="7.468" /><testcase classname="backend.tests.backend_test" name="test_score_fewer_than_min" time="0.139" /><testcase classname="backend.tests.backend_test" name="test_score_invalid_scenario" time="0.102" /><testcase classname="backend.tests.backend_test" name="test_score_ml_batch_includes_ai_in_combo" time="8.937" /><testcase classname="backend.tests.backend_test" name="test_leaderboard_create_and_list" time="0.322" /></testsuite></testsuites>