<?xml version="1.0" encoding="utf-8"?><testsuites name="pytest tests"><testsuite name="pytest" errors="0" failures="0" skipped="0" tests="16" time="38.713" timestamp="2026-06-21T01:29:40.810175+00:00" hostname="agent-env-271e683d-08e3-413f-9855-c79cf79b98bd"><testcase classname="backend.tests.backend_test" name="test_root" time="0.149" /><testcase classname="backend.tests.backend_test" name="test_services_includes_glue_catalog" time="0.109" /><testcase classname="backend.tests.backend_test" name="test_scenarios_have_new_split_fields" time="0.147" /><testcase classname="backend.tests.backend_test" name="test_constraints" time="0.103" /><testcase classname="backend.tests.backend_test" name="test_session_returns_unique_scenarios" time="0.102" /><testcase classname="backend.tests.backend_test" name="test_deal_includes_full_ideal_combo_in_hand" time="0.215" /><testcase classname="backend.tests.backend_test" name="test_score_schema_six_subscores_in_order_and_new_fields" time="7.145" /><testcase classname="backend.tests.backend_test" name="test_tc1_static_blog_full_ideal" time="5.494" /><testcase classname="backend.tests.backend_test" name="test_tc2_static_blog_partial_via_engine" time="4.847" /><testcase classname="backend.tests.backend_test" name="test_tc3_internal_dashboard_full_ideal" time="6.495" /><testcase classname="backend.tests.backend_test" name="test_tc4_internal_dashboard_mostly_distractor" time="7.252" /><testcase classname="backend.tests.backend_test" name="test_tc5_photo_sharing_strong" time="5.982" /><testcase classname="backend.tests.backend_test" name="test_validation_min_services" time="0.132" /><testcase classname="backend.tests.backend_test" name="test_validation_max_services" time="0.104" /><testcase classname="backend.tests.backend_test" name="test_validation_invalid_scenario" time="0.108" /><testcase classname="backend.tests.backend_test" name="test_leaderboard_create_and_sorted_list" time="0.224" /></testsuite></testsuites>