<?xml version="1.0" encoding="utf-8"?><testsuites name="pytest tests"><testsuite name="pytest" errors="0" failures="0" skipped="0" tests="8" time="3.550" timestamp="2026-06-26T20:35:26.310768+00:00" hostname="agent-env-271e683d-08e3-413f-9855-c79cf79b98bd"><testcase classname="backend.tests.test_v0261_leaderboard" name="test_official_created_updated_kept" time="0.629" /><testcase classname="backend.tests.test_v0261_leaderboard" name="test_official_conflict_returns_suggestions" time="0.644" /><testcase classname="backend.tests.test_v0261_leaderboard" name="test_guest_creates_separate_entry_and_keeps_official" time="0.303" /><testcase classname="backend.tests.test_v0261_leaderboard" name="test_owner_delete_403_and_200" time="0.427" /><testcase classname="backend.tests.test_v0261_leaderboard" name="test_legacy_no_owner_deletable" time="0.213" /><testcase classname="backend.tests.test_v0261_leaderboard" name="test_admin_delete_header_gating" time="0.423" /><testcase classname="backend.tests.test_v0261_leaderboard" name="test_no_public_delete_all" time="0.104" /><testcase classname="backend.tests.test_v0261_leaderboard" name="test_get_leaderboard_no_objectid_leak" time="0.537" /></testsuite></testsuites>