<?xml version="1.0" encoding="utf-8"?><testsuites name="pytest tests"><testsuite name="pytest" errors="0" failures="0" skipped="0" tests="13" time="20.030" timestamp="2026-06-20T02:29:07.083659+00:00" hostname="agent-env-276dd39f-e479-4542-9b43-cd1c7f027081"><testcase classname="backend.tests.backend_test" name="test_root" time="0.249" /><testcase classname="backend.tests.backend_test" name="test_services" time="0.108" /><testcase classname="backend.tests.backend_test" name="test_scenarios" time="0.153" /><testcase classname="backend.tests.backend_test" name="test_constraints" time="0.119" /><testcase classname="backend.tests.backend_test" name="test_deal_random" time="0.142" /><testcase classname="backend.tests.backend_test" name="test_deal_specific_scenario" time="0.142" /><testcase classname="backend.tests.backend_test" name="test_score_valid_photo_sharing" time="7.589" /><testcase classname="backend.tests.backend_test" name="test_score_fewer_than_3" time="0.168" /><testcase classname="backend.tests.backend_test" name="test_score_more_than_6" time="0.134" /><testcase classname="backend.tests.backend_test" name="test_score_invalid_scenario" time="0.101" /><testcase classname="backend.tests.backend_test" name="test_score_overengineering_penalty" time="10.562" /><testcase classname="backend.tests.backend_test" name="test_leaderboard_create_and_list" time="0.251" /><testcase classname="backend.tests.backend_test" name="test_leaderboard_empty_name" time="0.106" /></testsuite></testsuites>